<?xml version="1.0" encoding="UTF-8"?>
<testng-results ignored="0" total="2" passed="2" failed="0" skipped="0">
  <reporter-output>
  </reporter-output>
  <suite started-at="2022-03-19T15:01:53 EET" name="Default suite" finished-at="2022-03-19T15:02:01 EET" duration-ms="8249">
    <groups>
    </groups>
    <test started-at="2022-03-19T15:01:53 EET" name="Default test" finished-at="2022-03-19T15:02:01 EET" duration-ms="8249">
      <class name="sitePackage.SiteTestCases">
        <test-method is-config="true" signature="beforeMethod()[pri:0, instance:sitePackage.SiteTestCases@6404f418]" started-at="2022-03-19T15:01:53 EET" name="beforeMethod" finished-at="2022-03-19T15:01:57 EET" duration-ms="3946" status="PASS">
          <reporter-output>
          </reporter-output>
        </test-method> <!-- beforeMethod -->
        <test-method signature="assertAppPageTitleIsCorrect()[pri:0, instance:sitePackage.SiteTestCases@6404f418]" started-at="2022-03-19T15:01:57 EET" name="assertAppPageTitleIsCorrect" finished-at="2022-03-19T15:01:57 EET" duration-ms="148" status="PASS">
          <reporter-output>
          </reporter-output>
        </test-method> <!-- assertAppPageTitleIsCorrect -->
        <test-method is-config="true" signature="afterMethod()[pri:0, instance:sitePackage.SiteTestCases@6404f418]" started-at="2022-03-19T15:01:57 EET" name="afterMethod" finished-at="2022-03-19T15:01:57 EET" duration-ms="121" status="PASS">
          <reporter-output>
          </reporter-output>
        </test-method> <!-- afterMethod -->
        <test-method is-config="true" signature="beforeMethod()[pri:0, instance:sitePackage.SiteTestCases@6404f418]" started-at="2022-03-19T15:01:57 EET" name="beforeMethod" finished-at="2022-03-19T15:02:01 EET" duration-ms="3187" status="PASS">
          <reporter-output>
          </reporter-output>
        </test-method> <!-- beforeMethod -->
        <test-method signature="assertEducationPageTitleIsCorrect()[pri:0, instance:sitePackage.SiteTestCases@6404f418]" started-at="2022-03-19T15:02:01 EET" name="assertEducationPageTitleIsCorrect" finished-at="2022-03-19T15:02:01 EET" duration-ms="694" status="PASS">
          <reporter-output>
          </reporter-output>
        </test-method> <!-- assertEducationPageTitleIsCorrect -->
        <test-method is-config="true" signature="afterMethod()[pri:0, instance:sitePackage.SiteTestCases@6404f418]" started-at="2022-03-19T15:02:01 EET" name="afterMethod" finished-at="2022-03-19T15:02:01 EET" duration-ms="125" status="PASS">
          <reporter-output>
          </reporter-output>
        </test-method> <!-- afterMethod -->
      </class> <!-- sitePackage.SiteTestCases -->
    </test> <!-- Default test -->
  </suite> <!-- Default suite -->
</testng-results>
